# Nmap 7.94SVN scan initiated Tue May  7 22:38:48 2024 as: nmap -oN nmaplog2.log -A 10.15.42.7
Nmap scan report for 10.15.42.7
Host is up (0.058s latency).
Not shown: 998 closed tcp ports (reset)
PORT   STATE SERVICE VERSION
22/tcp open  ssh     OpenSSH 8.2p1 Ubuntu 4ubuntu0.5 (Ubuntu Linux; protocol 2.0)
| ssh-hostkey: 
|   3072 9a:ed:52:a9:08:9d:71:6f:d1:24:8f:0b:4a:5b:7a:42 (RSA)
|   256 00:9c:a8:13:91:9f:4f:74:fb:9e:15:a2:36:6b:c5:ba (ECDSA)
|_  256 d7:55:ff:d7:95:e1:06:26:81:bc:f2:b4:b5:29:a9:37 (ED25519)
80/tcp open  http    Apache httpd 2.4.59 ((Debian))
|_http-title: Hello World
|_http-generator: WordPress 6.5.2
|_http-server-header: Apache/2.4.59 (Debian)
| http-robots.txt: 1 disallowed entry 
|_/wp-admin/
Aggressive OS guesses: Linux 4.15 - 5.8 (93%), Linux 5.3 - 5.4 (93%), Linux 2.6.32 (92%), Linux 5.0 - 5.5 (92%), Linux 3.1 (91%), Linux 3.2 (91%), AXIS 210A or 211 Network Camera (Linux 2.6.17) (91%), Linux 5.0 (90%), Linux 5.0 - 5.4 (90%), Linux 2.6.39 - 3.2 (90%)
No exact OS matches for host (test conditions non-ideal).
Network Distance: 8 hops
Service Info: OS: Linux; CPE: cpe:/o:linux:linux_kernel

TRACEROUTE (using port 80/tcp)
HOP RTT      ADDRESS
1   0.56 ms  Gavriel.mshome.net (172.17.96.1)
2   62.61 ms 10.33.0.1
3   ... 7
8   47.78 ms 10.15.42.7

OS and Service detection performed. Please report any incorrect results at https://nmap.org/submit/ .
# Nmap done at Tue May  7 22:46:05 2024 -- 1 IP address (1 host up) scanned in 437.07 seconds
